  Domashka7.pb.cc
C:\Users\v2an\Desktop\GB\GeekBrains\Git\Section6\HW7\HW7\HW7\Domashka7.pb.cc(504,79): warning C4244: аргумент: преобразование "google::protobuf::uint64" в "google::protobuf::int32", возможна потеря данных
  HW7.cpp
  Создание кода...
libprotobuf.lib(message.obj) : error LNK2038: обнаружено несоответствие для "_ITERATOR_DEBUG_LEVEL": значение "0" не соответствует значению "2" в Domashka7.pb.obj
libprotobuf.lib(message.obj) : error LNK2038: обнаружено несоответствие для "RuntimeLibrary": значение "MD_DynamicRelease" не соответствует значению "MDd_DynamicDebug" в Domashka7.pb.obj
libprotobuf.lib(generated_message_util.obj) : error LNK2038: обнаружено несоответствие для "_ITERATOR_DEBUG_LEVEL": значение "0" не соответствует значению "2" в Domashka7.pb.obj
libprotobuf.lib(generated_message_util.obj) : error LNK2038: обнаружено несоответствие для "RuntimeLibrary": значение "MD_DynamicRelease" не соответствует значению "MDd_DynamicDebug" в Domashka7.pb.obj
libprotobuf.lib(stringpiece.obj) : error LNK2038: обнаружено несоответствие для "_ITERATOR_DEBUG_LEVEL": значение "0" не соответствует значению "2" в Domashka7.pb.obj
libprotobuf.lib(stringpiece.obj) : error LNK2038: обнаружено несоответствие для "RuntimeLibrary": значение "MD_DynamicRelease" не соответствует значению "MDd_DynamicDebug" в Domashka7.pb.obj
libprotobuf.lib(common.obj) : error LNK2038: обнаружено несоответствие для "_ITERATOR_DEBUG_LEVEL": значение "0" не соответствует значению "2" в Domashka7.pb.obj
libprotobuf.lib(common.obj) : error LNK2038: обнаружено несоответствие для "RuntimeLibrary": значение "MD_DynamicRelease" не соответствует значению "MDd_DynamicDebug" в Domashka7.pb.obj
libprotobuf.lib(coded_stream.obj) : error LNK2038: обнаружено несоответствие для "_ITERATOR_DEBUG_LEVEL": значение "0" не соответствует значению "2" в Domashka7.pb.obj
libprotobuf.lib(coded_stream.obj) : error LNK2038: обнаружено несоответствие для "RuntimeLibrary": значение "MD_DynamicRelease" не соответствует значению "MDd_DynamicDebug" в Domashka7.pb.obj
libprotobuf.lib(arena.obj) : error LNK2038: обнаружено несоответствие для "_ITERATOR_DEBUG_LEVEL": значение "0" не соответствует значению "2" в Domashka7.pb.obj
libprotobuf.lib(arena.obj) : error LNK2038: обнаружено несоответствие для "RuntimeLibrary": значение "MD_DynamicRelease" не соответствует значению "MDd_DynamicDebug" в Domashka7.pb.obj
libprotobuf.lib(arenastring.obj) : error LNK2038: обнаружено несоответствие для "_ITERATOR_DEBUG_LEVEL": значение "0" не соответствует значению "2" в Domashka7.pb.obj
libprotobuf.lib(arenastring.obj) : error LNK2038: обнаружено несоответствие для "RuntimeLibrary": значение "MD_DynamicRelease" не соответствует значению "MDd_DynamicDebug" в Domashka7.pb.obj
libprotobuf.lib(message_lite.obj) : error LNK2038: обнаружено несоответствие для "_ITERATOR_DEBUG_LEVEL": значение "0" не соответствует значению "2" в Domashka7.pb.obj
libprotobuf.lib(message_lite.obj) : error LNK2038: обнаружено несоответствие для "RuntimeLibrary": значение "MD_DynamicRelease" не соответствует значению "MDd_DynamicDebug" в Domashka7.pb.obj
libprotobuf.lib(repeated_field.obj) : error LNK2038: обнаружено несоответствие для "_ITERATOR_DEBUG_LEVEL": значение "0" не соответствует значению "2" в Domashka7.pb.obj
libprotobuf.lib(repeated_field.obj) : error LNK2038: обнаружено несоответствие для "RuntimeLibrary": значение "MD_DynamicRelease" не соответствует значению "MDd_DynamicDebug" в Domashka7.pb.obj
libprotobuf.lib(wire_format_lite.obj) : error LNK2038: обнаружено несоответствие для "_ITERATOR_DEBUG_LEVEL": значение "0" не соответствует значению "2" в Domashka7.pb.obj
libprotobuf.lib(wire_format_lite.obj) : error LNK2038: обнаружено несоответствие для "RuntimeLibrary": значение "MD_DynamicRelease" не соответствует значению "MDd_DynamicDebug" в Domashka7.pb.obj
libprotobuf.lib(parse_context.obj) : error LNK2038: обнаружено несоответствие для "_ITERATOR_DEBUG_LEVEL": значение "0" не соответствует значению "2" в Domashka7.pb.obj
libprotobuf.lib(parse_context.obj) : error LNK2038: обнаружено несоответствие для "RuntimeLibrary": значение "MD_DynamicRelease" не соответствует значению "MDd_DynamicDebug" в Domashka7.pb.obj
libprotobuf.lib(unknown_field_set.obj) : error LNK2038: обнаружено несоответствие для "_ITERATOR_DEBUG_LEVEL": значение "0" не соответствует значению "2" в Domashka7.pb.obj
libprotobuf.lib(unknown_field_set.obj) : error LNK2038: обнаружено несоответствие для "RuntimeLibrary": значение "MD_DynamicRelease" не соответствует значению "MDd_DynamicDebug" в Domashka7.pb.obj
libprotobuf.lib(generated_message_reflection.obj) : error LNK2038: обнаружено несоответствие для "_ITERATOR_DEBUG_LEVEL": значение "0" не соответствует значению "2" в Domashka7.pb.obj
libprotobuf.lib(generated_message_reflection.obj) : error LNK2038: обнаружено несоответствие для "RuntimeLibrary": значение "MD_DynamicRelease" не соответствует значению "MDd_DynamicDebug" в Domashka7.pb.obj
libprotobuf.lib(reflection_ops.obj) : error LNK2038: обнаружено несоответствие для "_ITERATOR_DEBUG_LEVEL": значение "0" не соответствует значению "2" в Domashka7.pb.obj
libprotobuf.lib(reflection_ops.obj) : error LNK2038: обнаружено несоответствие для "RuntimeLibrary": значение "MD_DynamicRelease" не соответствует значению "MDd_DynamicDebug" в Domashka7.pb.obj
libprotobuf.lib(wire_format.obj) : error LNK2038: обнаружено несоответствие для "_ITERATOR_DEBUG_LEVEL": значение "0" не соответствует значению "2" в Domashka7.pb.obj
libprotobuf.lib(wire_format.obj) : error LNK2038: обнаружено несоответствие для "RuntimeLibrary": значение "MD_DynamicRelease" не соответствует значению "MDd_DynamicDebug" в Domashka7.pb.obj
libprotobuf.lib(descriptor.obj) : error LNK2038: обнаружено несоответствие для "_ITERATOR_DEBUG_LEVEL": значение "0" не соответствует значению "2" в Domashka7.pb.obj
libprotobuf.lib(descriptor.obj) : error LNK2038: обнаружено несоответствие для "RuntimeLibrary": значение "MD_DynamicRelease" не соответствует значению "MDd_DynamicDebug" в Domashka7.pb.obj
libprotobuf.lib(strutil.obj) : error LNK2038: обнаружено несоответствие для "_ITERATOR_DEBUG_LEVEL": значение "0" не соответствует значению "2" в Domashka7.pb.obj
libprotobuf.lib(strutil.obj) : error LNK2038: обнаружено несоответствие для "RuntimeLibrary": значение "MD_DynamicRelease" не соответствует значению "MDd_DynamicDebug" в Domashka7.pb.obj
libprotobuf.lib(map_field.obj) : error LNK2038: обнаружено несоответствие для "_ITERATOR_DEBUG_LEVEL": значение "0" не соответствует значению "2" в Domashka7.pb.obj
libprotobuf.lib(map_field.obj) : error LNK2038: обнаружено несоответствие для "RuntimeLibrary": значение "MD_DynamicRelease" не соответствует значению "MDd_DynamicDebug" в Domashka7.pb.obj
libprotobuf.lib(zero_copy_stream.obj) : error LNK2038: обнаружено несоответствие для "_ITERATOR_DEBUG_LEVEL": значение "0" не соответствует значению "2" в Domashka7.pb.obj
libprotobuf.lib(zero_copy_stream.obj) : error LNK2038: обнаружено несоответствие для "RuntimeLibrary": значение "MD_DynamicRelease" не соответствует значению "MDd_DynamicDebug" в Domashka7.pb.obj
libprotobuf.lib(zero_copy_stream_impl_lite.obj) : error LNK2038: обнаружено несоответствие для "_ITERATOR_DEBUG_LEVEL": значение "0" не соответствует значению "2" в Domashka7.pb.obj
libprotobuf.lib(zero_copy_stream_impl_lite.obj) : error LNK2038: обнаружено несоответствие для "RuntimeLibrary": значение "MD_DynamicRelease" не соответствует значению "MDd_DynamicDebug" в Domashka7.pb.obj
libprotobuf.lib(extension_set.obj) : error LNK2038: обнаружено несоответствие для "_ITERATOR_DEBUG_LEVEL": значение "0" не соответствует значению "2" в Domashka7.pb.obj
libprotobuf.lib(extension_set.obj) : error LNK2038: обнаружено несоответствие для "RuntimeLibrary": значение "MD_DynamicRelease" не соответствует значению "MDd_DynamicDebug" в Domashka7.pb.obj
libprotobuf.lib(status.obj) : error LNK2038: обнаружено несоответствие для "_ITERATOR_DEBUG_LEVEL": значение "0" не соответствует значению "2" в Domashka7.pb.obj
libprotobuf.lib(status.obj) : error LNK2038: обнаружено несоответствие для "RuntimeLibrary": значение "MD_DynamicRelease" не соответствует значению "MDd_DynamicDebug" в Domashka7.pb.obj
libprotobuf.lib(int128.obj) : error LNK2038: обнаружено несоответствие для "_ITERATOR_DEBUG_LEVEL": значение "0" не соответствует значению "2" в Domashka7.pb.obj
libprotobuf.lib(int128.obj) : error LNK2038: обнаружено несоответствие для "RuntimeLibrary": значение "MD_DynamicRelease" не соответствует значению "MDd_DynamicDebug" в Domashka7.pb.obj
libprotobuf.lib(zero_copy_stream_impl.obj) : error LNK2038: обнаружено несоответствие для "_ITERATOR_DEBUG_LEVEL": значение "0" не соответствует значению "2" в Domashka7.pb.obj
libprotobuf.lib(zero_copy_stream_impl.obj) : error LNK2038: обнаружено несоответствие для "RuntimeLibrary": значение "MD_DynamicRelease" не соответствует значению "MDd_DynamicDebug" в Domashka7.pb.obj
libprotobuf.lib(implicit_weak_message.obj) : error LNK2038: обнаружено несоответствие для "_ITERATOR_DEBUG_LEVEL": значение "0" не соответствует значению "2" в Domashka7.pb.obj
libprotobuf.lib(implicit_weak_message.obj) : error LNK2038: обнаружено несоответствие для "RuntimeLibrary": значение "MD_DynamicRelease" не соответствует значению "MDd_DynamicDebug" в Domashka7.pb.obj
libprotobuf.lib(structurally_valid.obj) : error LNK2038: обнаружено несоответствие для "_ITERATOR_DEBUG_LEVEL": значение "0" не соответствует значению "2" в Domashka7.pb.obj
libprotobuf.lib(structurally_valid.obj) : error LNK2038: обнаружено несоответствие для "RuntimeLibrary": значение "MD_DynamicRelease" не соответствует значению "MDd_DynamicDebug" в Domashka7.pb.obj
libprotobuf.lib(stringprintf.obj) : error LNK2038: обнаружено несоответствие для "_ITERATOR_DEBUG_LEVEL": значение "0" не соответствует значению "2" в Domashka7.pb.obj
libprotobuf.lib(stringprintf.obj) : error LNK2038: обнаружено несоответствие для "RuntimeLibrary": значение "MD_DynamicRelease" не соответствует значению "MDd_DynamicDebug" в Domashka7.pb.obj
libprotobuf.lib(extension_set_heavy.obj) : error LNK2038: обнаружено несоответствие для "_ITERATOR_DEBUG_LEVEL": значение "0" не соответствует значению "2" в Domashka7.pb.obj
libprotobuf.lib(extension_set_heavy.obj) : error LNK2038: обнаружено несоответствие для "RuntimeLibrary": значение "MD_DynamicRelease" не соответствует значению "MDd_DynamicDebug" в Domashka7.pb.obj
libprotobuf.lib(text_format.obj) : error LNK2038: обнаружено несоответствие для "_ITERATOR_DEBUG_LEVEL": значение "0" не соответствует значению "2" в Domashka7.pb.obj
libprotobuf.lib(text_format.obj) : error LNK2038: обнаружено несоответствие для "RuntimeLibrary": значение "MD_DynamicRelease" не соответствует значению "MDd_DynamicDebug" в Domashka7.pb.obj
libprotobuf.lib(descriptor.pb.obj) : error LNK2038: обнаружено несоответствие для "_ITERATOR_DEBUG_LEVEL": значение "0" не соответствует значению "2" в Domashka7.pb.obj
libprotobuf.lib(descriptor.pb.obj) : error LNK2038: обнаружено несоответствие для "RuntimeLibrary": значение "MD_DynamicRelease" не соответствует значению "MDd_DynamicDebug" в Domashka7.pb.obj
libprotobuf.lib(tokenizer.obj) : error LNK2038: обнаружено несоответствие для "_ITERATOR_DEBUG_LEVEL": значение "0" не соответствует значению "2" в Domashka7.pb.obj
libprotobuf.lib(tokenizer.obj) : error LNK2038: обнаружено несоответствие для "RuntimeLibrary": значение "MD_DynamicRelease" не соответствует значению "MDd_DynamicDebug" в Domashka7.pb.obj
libprotobuf.lib(descriptor_database.obj) : error LNK2038: обнаружено несоответствие для "_ITERATOR_DEBUG_LEVEL": значение "0" не соответствует значению "2" в Domashka7.pb.obj
libprotobuf.lib(descriptor_database.obj) : error LNK2038: обнаружено несоответствие для "RuntimeLibrary": значение "MD_DynamicRelease" не соответствует значению "MDd_DynamicDebug" в Domashka7.pb.obj
libprotobuf.lib(dynamic_message.obj) : error LNK2038: обнаружено несоответствие для "_ITERATOR_DEBUG_LEVEL": значение "0" не соответствует значению "2" в Domashka7.pb.obj
libprotobuf.lib(dynamic_message.obj) : error LNK2038: обнаружено несоответствие для "RuntimeLibrary": значение "MD_DynamicRelease" не соответствует значению "MDd_DynamicDebug" в Domashka7.pb.obj
libprotobuf.lib(substitute.obj) : error LNK2038: обнаружено несоответствие для "_ITERATOR_DEBUG_LEVEL": значение "0" не соответствует значению "2" в Domashka7.pb.obj
libprotobuf.lib(substitute.obj) : error LNK2038: обнаружено несоответствие для "RuntimeLibrary": значение "MD_DynamicRelease" не соответствует значению "MDd_DynamicDebug" в Domashka7.pb.obj
libprotobuf.lib(strtod.obj) : error LNK2038: обнаружено несоответствие для "_ITERATOR_DEBUG_LEVEL": значение "0" не соответствует значению "2" в Domashka7.pb.obj
libprotobuf.lib(strtod.obj) : error LNK2038: обнаружено несоответствие для "RuntimeLibrary": значение "MD_DynamicRelease" не соответствует значению "MDd_DynamicDebug" в Domashka7.pb.obj
libprotobuf.lib(any_lite.obj) : error LNK2038: обнаружено несоответствие для "_ITERATOR_DEBUG_LEVEL": значение "0" не соответствует значению "2" в Domashka7.pb.obj
libprotobuf.lib(any_lite.obj) : error LNK2038: обнаружено несоответствие для "RuntimeLibrary": значение "MD_DynamicRelease" не соответствует значению "MDd_DynamicDebug" в Domashka7.pb.obj
libprotobuf.lib(map.obj) : error LNK2038: обнаружено несоответствие для "_ITERATOR_DEBUG_LEVEL": значение "0" не соответствует значению "2" в Domashka7.pb.obj
libprotobuf.lib(map.obj) : error LNK2038: обнаружено несоответствие для "RuntimeLibrary": значение "MD_DynamicRelease" не соответствует значению "MDd_DynamicDebug" в Domashka7.pb.obj
libprotobuf.lib(io_win32.obj) : error LNK2038: обнаружено несоответствие для "_ITERATOR_DEBUG_LEVEL": значение "0" не соответствует значению "2" в Domashka7.pb.obj
libprotobuf.lib(io_win32.obj) : error LNK2038: обнаружено несоответствие для "RuntimeLibrary": значение "MD_DynamicRelease" не соответствует значению "MDd_DynamicDebug" в Domashka7.pb.obj
libprotobuf.lib(any.obj) : error LNK2038: обнаружено несоответствие для "_ITERATOR_DEBUG_LEVEL": значение "0" не соответствует значению "2" в Domashka7.pb.obj
libprotobuf.lib(any.obj) : error LNK2038: обнаружено несоответствие для "RuntimeLibrary": значение "MD_DynamicRelease" не соответствует значению "MDd_DynamicDebug" в Domashka7.pb.obj
LINK : warning LNK4098: библиотека по умолчанию "MSVCRT" конфликтует с использованием других библиотек; используйте /NODEFAULTLIB:library
C:\Users\v2an\Desktop\GB\GeekBrains\Git\Section6\HW7\HW7\HW7\x64\Debug\HW7.exe : fatal error LNK1319: обнаружено несоответствий: 78
